<?xml version="1.0" encoding="UTF-8"?>
<testng-results skipped="3" failed="1" ignored="0" total="8" passed="4">
  <reporter-output>
    <line>
      <![CDATA[Clicked on Image Link]]>
    </line>
  </reporter-output>
  <suite name="RegressionSuite" duration-ms="121157" started-at="2020-04-09T03:36:56Z" finished-at="2020-04-09T03:38:57Z">
    <groups>
    </groups>
    <test name="ChromeTest" duration-ms="39131" started-at="2020-04-09T03:36:56Z" finished-at="2020-04-09T03:37:35Z">
      <class name="com.project.Ecommerce.TC_002">
        <test-method status="FAIL" signature="startProcess(java.lang.String)[pri:0, instance:com.project.Ecommerce.TC_002@1198b989]" name="startProcess" is-config="true" duration-ms="2448" started-at="2020-04-09T03:37:28Z" finished-at="2020-04-09T03:37:31Z">
          <params>
            <param index="0">
              <value>
                <![CDATA[chrome]]>
              </value>
            </param>
          </params>
          <exception class="org.openqa.selenium.InvalidArgumentException">
            <message>
              <![CDATA[invalid argument: user data directory is already in use, please specify a unique value for --user-data-dir argument, or don't use --user-data-dir
Build info: version: '3.141.59', revision: 'e82be7d358', time: '2018-11-14T08:17:03'
System info: host: 'DESKTOP-27L8JE7', ip: '10.0.0.3', os.name: 'Windows 10', os.arch: 'amd64', os.version: '10.0', java.version: '1.8.0_241'
Driver info: driver.version: ChromeDriver
remote stacktrace: Backtrace:
Ordinal0 [0x00A00C83+1707139]
Ordinal0 [0x009668F1+1075441]
Ordinal0 [0x008DDFC9+516041]
Ordinal0 [0x0086D310+54032]
Ordinal0 [0x0088BFD7+180183]
Ordinal0 [0x0088BDDD+179677]
Ordinal0 [0x00889D4B+171339]
Ordinal0 [0x00871D4A+73034]
Ordinal0 [0x00872DC0+77248]
Ordinal0 [0x00872D59+77145]
Ordinal0 [0x0097BB67+1162087]
GetHandleVerifier [0x00A9A966+508998]
GetHandleVerifier [0x00A9A6A4+508292]
GetHandleVerifier [0x00AAF7B7+594583]
GetHandleVerifier [0x00A9B1D6+511158]
Ordinal0 [0x0097402C+1130540]
Ordinal0 [0x0097D4CB+1168587]
Ordinal0 [0x0097D633+1168947]
Ordinal0 [0x00995B35+1268533]
BaseThreadInitThunk [0x76E96359+25]
RtlGetAppContainerNamedObjectPath [0x77937B74+228]
RtlGetAppContainerNamedObjectPath [0x77937B44+180]
]]>
            </message>
            <full-stacktrace>
              <![CDATA[org.openqa.selenium.InvalidArgumentException: invalid argument: user data directory is already in use, please specify a unique value for --user-data-dir argument, or don't use --user-data-dir
Build info: version: '3.141.59', revision: 'e82be7d358', time: '2018-11-14T08:17:03'
System info: host: 'DESKTOP-27L8JE7', ip: '10.0.0.3', os.name: 'Windows 10', os.arch: 'amd64', os.version: '10.0', java.version: '1.8.0_241'
Driver info: driver.version: ChromeDriver
remote stacktrace: Backtrace:
Ordinal0 [0x00A00C83+1707139]
Ordinal0 [0x009668F1+1075441]
Ordinal0 [0x008DDFC9+516041]
Ordinal0 [0x0086D310+54032]
Ordinal0 [0x0088BFD7+180183]
Ordinal0 [0x0088BDDD+179677]
Ordinal0 [0x00889D4B+171339]
Ordinal0 [0x00871D4A+73034]
Ordinal0 [0x00872DC0+77248]
Ordinal0 [0x00872D59+77145]
Ordinal0 [0x0097BB67+1162087]
GetHandleVerifier [0x00A9A966+508998]
GetHandleVerifier [0x00A9A6A4+508292]
GetHandleVerifier [0x00AAF7B7+594583]
GetHandleVerifier [0x00A9B1D6+511158]
Ordinal0 [0x0097402C+1130540]
Ordinal0 [0x0097D4CB+1168587]
Ordinal0 [0x0097D633+1168947]
Ordinal0 [0x00995B35+1268533]
BaseThreadInitThunk [0x76E96359+25]
RtlGetAppContainerNamedObjectPath [0x77937B74+228]
RtlGetAppContainerNamedObjectPath [0x77937B44+180]

at sun.reflect.NativeConstructorAccessorImpl.newInstance0(Native Method)
at sun.reflect.NativeConstructorAccessorImpl.newInstance(Unknown Source)
at sun.reflect.DelegatingConstructorAccessorImpl.newInstance(Unknown Source)
at java.lang.reflect.Constructor.newInstance(Unknown Source)
at org.openqa.selenium.remote.W3CHandshakeResponse.lambda$errorHandler$0(W3CHandshakeResponse.java:62)
at org.openqa.selenium.remote.HandshakeResponse.lambda$getResponseFunction$0(HandshakeResponse.java:30)
at org.openqa.selenium.remote.ProtocolHandshake.lambda$createSession$0(ProtocolHandshake.java:126)
at java.util.stream.ReferencePipeline$3$1.accept(Unknown Source)
at java.util.Spliterators$ArraySpliterator.tryAdvance(Unknown Source)
at java.util.stream.ReferencePipeline.forEachWithCancel(Unknown Source)
at java.util.stream.AbstractPipeline.copyIntoWithCancel(Unknown Source)
at java.util.stream.AbstractPipeline.copyInto(Unknown Source)
at java.util.stream.AbstractPipeline.wrapAndCopyInto(Unknown Source)
at java.util.stream.FindOps$FindOp.evaluateSequential(Unknown Source)
at java.util.stream.AbstractPipeline.evaluate(Unknown Source)
at java.util.stream.ReferencePipeline.findFirst(Unknown Source)
at org.openqa.selenium.remote.ProtocolHandshake.createSession(ProtocolHandshake.java:128)
at org.openqa.selenium.remote.ProtocolHandshake.createSession(ProtocolHandshake.java:74)
at org.openqa.selenium.remote.HttpCommandExecutor.execute(HttpCommandExecutor.java:136)
at org.openqa.selenium.remote.service.DriverCommandExecutor.execute(DriverCommandExecutor.java:83)
at org.openqa.selenium.remote.RemoteWebDriver.execute(RemoteWebDriver.java:552)
at org.openqa.selenium.remote.RemoteWebDriver.startSession(RemoteWebDriver.java:213)
at org.openqa.selenium.remote.RemoteWebDriver.<init>(RemoteWebDriver.java:131)
at org.openqa.selenium.chrome.ChromeDriver.<init>(ChromeDriver.java:181)
at org.openqa.selenium.chrome.ChromeDriver.<init>(ChromeDriver.java:168)
at org.openqa.selenium.chrome.ChromeDriver.<init>(ChromeDriver.java:157)
at com.project.Ecommerce.BaseTest.openBrowser(BaseTest.java:83)
at com.project.Ecommerce.TC_002.startProcess(TC_002.java:23)
at sun.reflect.NativeMethodAccessorImpl.invoke0(Native Method)
at sun.reflect.NativeMethodAccessorImpl.invoke(Unknown Source)
at sun.reflect.DelegatingMethodAccessorImpl.invoke(Unknown Source)
at java.lang.reflect.Method.invoke(Unknown Source)
at org.testng.internal.MethodInvocationHelper.invokeMethod(MethodInvocationHelper.java:124)
at org.testng.internal.MethodInvocationHelper.invokeMethodConsideringTimeout(MethodInvocationHelper.java:59)
at org.testng.internal.Invoker.invokeConfigurationMethod(Invoker.java:458)
at org.testng.internal.Invoker.invokeConfigurations(Invoker.java:222)
at org.testng.internal.Invoker.invokeMethod(Invoker.java:523)
at org.testng.internal.Invoker.invokeTestMethod(Invoker.java:719)
at org.testng.internal.Invoker.invokeTestMethods(Invoker.java:989)
at org.testng.internal.TestMethodWorker.invokeTestMethods(TestMethodWorker.java:125)
at org.testng.internal.TestMethodWorker.run(TestMethodWorker.java:109)
at org.testng.TestRunner.privateRun(TestRunner.java:648)
at org.testng.TestRunner.run(TestRunner.java:505)
at org.testng.SuiteRunner.runTest(SuiteRunner.java:455)
at org.testng.SuiteRunner.access$000(SuiteRunner.java:40)
at org.testng.SuiteRunner$SuiteWorker.run(SuiteRunner.java:489)
at org.testng.internal.thread.ThreadUtil$1.call(ThreadUtil.java:52)
at java.util.concurrent.FutureTask.run(Unknown Source)
at java.util.concurrent.ThreadPoolExecutor.runWorker(Unknown Source)
at java.util.concurrent.ThreadPoolExecutor$Worker.run(Unknown Source)
at java.lang.Thread.run(Unknown Source)
]]>
            </full-stacktrace>
          </exception> <!-- org.openqa.selenium.InvalidArgumentException -->
          <reporter-output>
          </reporter-output>
        </test-method> <!-- startProcess -->
        <test-method status="SKIP" signature="amazon()[pri:0, instance:com.project.Ecommerce.TC_002@1198b989]" name="amazon" duration-ms="0" started-at="2020-04-09T03:37:31Z" finished-at="2020-04-09T03:37:31Z">
          <exception class="org.openqa.selenium.InvalidArgumentException">
            <message>
              <![CDATA[invalid argument: user data directory is already in use, please specify a unique value for --user-data-dir argument, or don't use --user-data-dir
Build info: version: '3.141.59', revision: 'e82be7d358', time: '2018-11-14T08:17:03'
System info: host: 'DESKTOP-27L8JE7', ip: '10.0.0.3', os.name: 'Windows 10', os.arch: 'amd64', os.version: '10.0', java.version: '1.8.0_241'
Driver info: driver.version: ChromeDriver
remote stacktrace: Backtrace:
Ordinal0 [0x00A00C83+1707139]
Ordinal0 [0x009668F1+1075441]
Ordinal0 [0x008DDFC9+516041]
Ordinal0 [0x0086D310+54032]
Ordinal0 [0x0088BFD7+180183]
Ordinal0 [0x0088BDDD+179677]
Ordinal0 [0x00889D4B+171339]
Ordinal0 [0x00871D4A+73034]
Ordinal0 [0x00872DC0+77248]
Ordinal0 [0x00872D59+77145]
Ordinal0 [0x0097BB67+1162087]
GetHandleVerifier [0x00A9A966+508998]
GetHandleVerifier [0x00A9A6A4+508292]
GetHandleVerifier [0x00AAF7B7+594583]
GetHandleVerifier [0x00A9B1D6+511158]
Ordinal0 [0x0097402C+1130540]
Ordinal0 [0x0097D4CB+1168587]
Ordinal0 [0x0097D633+1168947]
Ordinal0 [0x00995B35+1268533]
BaseThreadInitThunk [0x76E96359+25]
RtlGetAppContainerNamedObjectPath [0x77937B74+228]
RtlGetAppContainerNamedObjectPath [0x77937B44+180]
]]>
            </message>
            <full-stacktrace>
              <![CDATA[org.openqa.selenium.InvalidArgumentException: invalid argument: user data directory is already in use, please specify a unique value for --user-data-dir argument, or don't use --user-data-dir
Build info: version: '3.141.59', revision: 'e82be7d358', time: '2018-11-14T08:17:03'
System info: host: 'DESKTOP-27L8JE7', ip: '10.0.0.3', os.name: 'Windows 10', os.arch: 'amd64', os.version: '10.0', java.version: '1.8.0_241'
Driver info: driver.version: ChromeDriver
remote stacktrace: Backtrace:
Ordinal0 [0x00A00C83+1707139]
Ordinal0 [0x009668F1+1075441]
Ordinal0 [0x008DDFC9+516041]
Ordinal0 [0x0086D310+54032]
Ordinal0 [0x0088BFD7+180183]
Ordinal0 [0x0088BDDD+179677]
Ordinal0 [0x00889D4B+171339]
Ordinal0 [0x00871D4A+73034]
Ordinal0 [0x00872DC0+77248]
Ordinal0 [0x00872D59+77145]
Ordinal0 [0x0097BB67+1162087]
GetHandleVerifier [0x00A9A966+508998]
GetHandleVerifier [0x00A9A6A4+508292]
GetHandleVerifier [0x00AAF7B7+594583]
GetHandleVerifier [0x00A9B1D6+511158]
Ordinal0 [0x0097402C+1130540]
Ordinal0 [0x0097D4CB+1168587]
Ordinal0 [0x0097D633+1168947]
Ordinal0 [0x00995B35+1268533]
BaseThreadInitThunk [0x76E96359+25]
RtlGetAppContainerNamedObjectPath [0x77937B74+228]
RtlGetAppContainerNamedObjectPath [0x77937B44+180]

at sun.reflect.NativeConstructorAccessorImpl.newInstance0(Native Method)
at sun.reflect.NativeConstructorAccessorImpl.newInstance(Unknown Source)
at sun.reflect.DelegatingConstructorAccessorImpl.newInstance(Unknown Source)
at java.lang.reflect.Constructor.newInstance(Unknown Source)
at org.openqa.selenium.remote.W3CHandshakeResponse.lambda$errorHandler$0(W3CHandshakeResponse.java:62)
at org.openqa.selenium.remote.HandshakeResponse.lambda$getResponseFunction$0(HandshakeResponse.java:30)
at org.openqa.selenium.remote.ProtocolHandshake.lambda$createSession$0(ProtocolHandshake.java:126)
at java.util.stream.ReferencePipeline$3$1.accept(Unknown Source)
at java.util.Spliterators$ArraySpliterator.tryAdvance(Unknown Source)
at java.util.stream.ReferencePipeline.forEachWithCancel(Unknown Source)
at java.util.stream.AbstractPipeline.copyIntoWithCancel(Unknown Source)
at java.util.stream.AbstractPipeline.copyInto(Unknown Source)
at java.util.stream.AbstractPipeline.wrapAndCopyInto(Unknown Source)
at java.util.stream.FindOps$FindOp.evaluateSequential(Unknown Source)
at java.util.stream.AbstractPipeline.evaluate(Unknown Source)
at java.util.stream.ReferencePipeline.findFirst(Unknown Source)
at org.openqa.selenium.remote.ProtocolHandshake.createSession(ProtocolHandshake.java:128)
at org.openqa.selenium.remote.ProtocolHandshake.createSession(ProtocolHandshake.java:74)
at org.openqa.selenium.remote.HttpCommandExecutor.execute(HttpCommandExecutor.java:136)
at org.openqa.selenium.remote.service.DriverCommandExecutor.execute(DriverCommandExecutor.java:83)
at org.openqa.selenium.remote.RemoteWebDriver.execute(RemoteWebDriver.java:552)
at org.openqa.selenium.remote.RemoteWebDriver.startSession(RemoteWebDriver.java:213)
at org.openqa.selenium.remote.RemoteWebDriver.<init>(RemoteWebDriver.java:131)
at org.openqa.selenium.chrome.ChromeDriver.<init>(ChromeDriver.java:181)
at org.openqa.selenium.chrome.ChromeDriver.<init>(ChromeDriver.java:168)
at org.openqa.selenium.chrome.ChromeDriver.<init>(ChromeDriver.java:157)
at com.project.Ecommerce.BaseTest.openBrowser(BaseTest.java:83)
at com.project.Ecommerce.TC_002.startProcess(TC_002.java:23)
at sun.reflect.NativeMethodAccessorImpl.invoke0(Native Method)
at sun.reflect.NativeMethodAccessorImpl.invoke(Unknown Source)
at sun.reflect.DelegatingMethodAccessorImpl.invoke(Unknown Source)
at java.lang.reflect.Method.invoke(Unknown Source)
at org.testng.internal.MethodInvocationHelper.invokeMethod(MethodInvocationHelper.java:124)
at org.testng.internal.MethodInvocationHelper.invokeMethodConsideringTimeout(MethodInvocationHelper.java:59)
at org.testng.internal.Invoker.invokeConfigurationMethod(Invoker.java:458)
at org.testng.internal.Invoker.invokeConfigurations(Invoker.java:222)
at org.testng.internal.Invoker.invokeMethod(Invoker.java:523)
at org.testng.internal.Invoker.invokeTestMethod(Invoker.java:719)
at org.testng.internal.Invoker.invokeTestMethods(Invoker.java:989)
at org.testng.internal.TestMethodWorker.invokeTestMethods(TestMethodWorker.java:125)
at org.testng.internal.TestMethodWorker.run(TestMethodWorker.java:109)
at org.testng.TestRunner.privateRun(TestRunner.java:648)
at org.testng.TestRunner.run(TestRunner.java:505)
at org.testng.SuiteRunner.runTest(SuiteRunner.java:455)
at org.testng.SuiteRunner.access$000(SuiteRunner.java:40)
at org.testng.SuiteRunner$SuiteWorker.run(SuiteRunner.java:489)
at org.testng.internal.thread.ThreadUtil$1.call(ThreadUtil.java:52)
at java.util.concurrent.FutureTask.run(Unknown Source)
at java.util.concurrent.ThreadPoolExecutor.runWorker(Unknown Source)
at java.util.concurrent.ThreadPoolExecutor$Worker.run(Unknown Source)
at java.lang.Thread.run(Unknown Source)
]]>
            </full-stacktrace>
          </exception> <!-- org.openqa.selenium.InvalidArgumentException -->
          <reporter-output>
          </reporter-output>
        </test-method> <!-- amazon -->
        <test-method status="SKIP" signature="endProcess()[pri:0, instance:com.project.Ecommerce.TC_002@1198b989]" name="endProcess" is-config="true" duration-ms="0" started-at="2020-04-09T03:37:31Z" finished-at="2020-04-09T03:37:31Z">
          <reporter-output>
          </reporter-output>
        </test-method> <!-- endProcess -->
      </class> <!-- com.project.Ecommerce.TC_002 -->
      <class name="com.project.Ecommerce.RadioButton1">
        <test-method status="FAIL" signature="beforeMethod(java.lang.String)[pri:0, instance:com.project.Ecommerce.RadioButton1@add0edd]" name="beforeMethod" is-config="true" duration-ms="2204" started-at="2020-04-09T03:37:33Z" finished-at="2020-04-09T03:37:35Z">
          <params>
            <param index="0">
              <value>
                <![CDATA[chrome]]>
              </value>
            </param>
          </params>
          <exception class="org.openqa.selenium.InvalidArgumentException">
            <message>
              <![CDATA[invalid argument: user data directory is already in use, please specify a unique value for --user-data-dir argument, or don't use --user-data-dir
Build info: version: '3.141.59', revision: 'e82be7d358', time: '2018-11-14T08:17:03'
System info: host: 'DESKTOP-27L8JE7', ip: '10.0.0.3', os.name: 'Windows 10', os.arch: 'amd64', os.version: '10.0', java.version: '1.8.0_241'
Driver info: driver.version: ChromeDriver
remote stacktrace: Backtrace:
Ordinal0 [0x00A00C83+1707139]
Ordinal0 [0x009668F1+1075441]
Ordinal0 [0x008DDFC9+516041]
Ordinal0 [0x0086D310+54032]
Ordinal0 [0x0088BFD7+180183]
Ordinal0 [0x0088BDDD+179677]
Ordinal0 [0x00889D4B+171339]
Ordinal0 [0x00871D4A+73034]
Ordinal0 [0x00872DC0+77248]
Ordinal0 [0x00872D59+77145]
Ordinal0 [0x0097BB67+1162087]
GetHandleVerifier [0x00A9A966+508998]
GetHandleVerifier [0x00A9A6A4+508292]
GetHandleVerifier [0x00AAF7B7+594583]
GetHandleVerifier [0x00A9B1D6+511158]
Ordinal0 [0x0097402C+1130540]
Ordinal0 [0x0097D4CB+1168587]
Ordinal0 [0x0097D633+1168947]
Ordinal0 [0x00995B35+1268533]
BaseThreadInitThunk [0x76E96359+25]
RtlGetAppContainerNamedObjectPath [0x77937B74+228]
RtlGetAppContainerNamedObjectPath [0x77937B44+180]
]]>
            </message>
            <full-stacktrace>
              <![CDATA[org.openqa.selenium.InvalidArgumentException: invalid argument: user data directory is already in use, please specify a unique value for --user-data-dir argument, or don't use --user-data-dir
Build info: version: '3.141.59', revision: 'e82be7d358', time: '2018-11-14T08:17:03'
System info: host: 'DESKTOP-27L8JE7', ip: '10.0.0.3', os.name: 'Windows 10', os.arch: 'amd64', os.version: '10.0', java.version: '1.8.0_241'
Driver info: driver.version: ChromeDriver
remote stacktrace: Backtrace:
Ordinal0 [0x00A00C83+1707139]
Ordinal0 [0x009668F1+1075441]
Ordinal0 [0x008DDFC9+516041]
Ordinal0 [0x0086D310+54032]
Ordinal0 [0x0088BFD7+180183]
Ordinal0 [0x0088BDDD+179677]
Ordinal0 [0x00889D4B+171339]
Ordinal0 [0x00871D4A+73034]
Ordinal0 [0x00872DC0+77248]
Ordinal0 [0x00872D59+77145]
Ordinal0 [0x0097BB67+1162087]
GetHandleVerifier [0x00A9A966+508998]
GetHandleVerifier [0x00A9A6A4+508292]
GetHandleVerifier [0x00AAF7B7+594583]
GetHandleVerifier [0x00A9B1D6+511158]
Ordinal0 [0x0097402C+1130540]
Ordinal0 [0x0097D4CB+1168587]
Ordinal0 [0x0097D633+1168947]
Ordinal0 [0x00995B35+1268533]
BaseThreadInitThunk [0x76E96359+25]
RtlGetAppContainerNamedObjectPath [0x77937B74+228]
RtlGetAppContainerNamedObjectPath [0x77937B44+180]

at sun.reflect.NativeConstructorAccessorImpl.newInstance0(Native Method)
at sun.reflect.NativeConstructorAccessorImpl.newInstance(Unknown Source)
at sun.reflect.DelegatingConstructorAccessorImpl.newInstance(Unknown Source)
at java.lang.reflect.Constructor.newInstance(Unknown Source)
at org.openqa.selenium.remote.W3CHandshakeResponse.lambda$errorHandler$0(W3CHandshakeResponse.java:62)
at org.openqa.selenium.remote.HandshakeResponse.lambda$getResponseFunction$0(HandshakeResponse.java:30)
at org.openqa.selenium.remote.ProtocolHandshake.lambda$createSession$0(ProtocolHandshake.java:126)
at java.util.stream.ReferencePipeline$3$1.accept(Unknown Source)
at java.util.Spliterators$ArraySpliterator.tryAdvance(Unknown Source)
at java.util.stream.ReferencePipeline.forEachWithCancel(Unknown Source)
at java.util.stream.AbstractPipeline.copyIntoWithCancel(Unknown Source)
at java.util.stream.AbstractPipeline.copyInto(Unknown Source)
at java.util.stream.AbstractPipeline.wrapAndCopyInto(Unknown Source)
at java.util.stream.FindOps$FindOp.evaluateSequential(Unknown Source)
at java.util.stream.AbstractPipeline.evaluate(Unknown Source)
at java.util.stream.ReferencePipeline.findFirst(Unknown Source)
at org.openqa.selenium.remote.ProtocolHandshake.createSession(ProtocolHandshake.java:128)
at org.openqa.selenium.remote.ProtocolHandshake.createSession(ProtocolHandshake.java:74)
at org.openqa.selenium.remote.HttpCommandExecutor.execute(HttpCommandExecutor.java:136)
at org.openqa.selenium.remote.service.DriverCommandExecutor.execute(DriverCommandExecutor.java:83)
at org.openqa.selenium.remote.RemoteWebDriver.execute(RemoteWebDriver.java:552)
at org.openqa.selenium.remote.RemoteWebDriver.startSession(RemoteWebDriver.java:213)
at org.openqa.selenium.remote.RemoteWebDriver.<init>(RemoteWebDriver.java:131)
at org.openqa.selenium.chrome.ChromeDriver.<init>(ChromeDriver.java:181)
at org.openqa.selenium.chrome.ChromeDriver.<init>(ChromeDriver.java:168)
at org.openqa.selenium.chrome.ChromeDriver.<init>(ChromeDriver.java:157)
at com.project.Ecommerce.BaseTest.openBrowser(BaseTest.java:83)
at com.project.Ecommerce.RadioButton1.beforeMethod(RadioButton1.java:26)
at sun.reflect.NativeMethodAccessorImpl.invoke0(Native Method)
at sun.reflect.NativeMethodAccessorImpl.invoke(Unknown Source)
at sun.reflect.DelegatingMethodAccessorImpl.invoke(Unknown Source)
at java.lang.reflect.Method.invoke(Unknown Source)
at org.testng.internal.MethodInvocationHelper.invokeMethod(MethodInvocationHelper.java:124)
at org.testng.internal.MethodInvocationHelper.invokeMethodConsideringTimeout(MethodInvocationHelper.java:59)
at org.testng.internal.Invoker.invokeConfigurationMethod(Invoker.java:458)
at org.testng.internal.Invoker.invokeConfigurations(Invoker.java:222)
at org.testng.internal.Invoker.invokeMethod(Invoker.java:523)
at org.testng.internal.Invoker.invokeTestMethod(Invoker.java:719)
at org.testng.internal.Invoker.invokeTestMethods(Invoker.java:989)
at org.testng.internal.TestMethodWorker.invokeTestMethods(TestMethodWorker.java:125)
at org.testng.internal.TestMethodWorker.run(TestMethodWorker.java:109)
at org.testng.TestRunner.privateRun(TestRunner.java:648)
at org.testng.TestRunner.run(TestRunner.java:505)
at org.testng.SuiteRunner.runTest(SuiteRunner.java:455)
at org.testng.SuiteRunner.access$000(SuiteRunner.java:40)
at org.testng.SuiteRunner$SuiteWorker.run(SuiteRunner.java:489)
at org.testng.internal.thread.ThreadUtil$1.call(ThreadUtil.java:52)
at java.util.concurrent.FutureTask.run(Unknown Source)
at java.util.concurrent.ThreadPoolExecutor.runWorker(Unknown Source)
at java.util.concurrent.ThreadPoolExecutor$Worker.run(Unknown Source)
at java.lang.Thread.run(Unknown Source)
]]>
            </full-stacktrace>
          </exception> <!-- org.openqa.selenium.InvalidArgumentException -->
          <reporter-output>
          </reporter-output>
        </test-method> <!-- beforeMethod -->
        <test-method status="SKIP" signature="radioTest()[pri:0, instance:com.project.Ecommerce.RadioButton1@add0edd]" name="radioTest" duration-ms="0" started-at="2020-04-09T03:37:35Z" finished-at="2020-04-09T03:37:35Z">
          <exception class="org.openqa.selenium.InvalidArgumentException">
            <message>
              <![CDATA[invalid argument: user data directory is already in use, please specify a unique value for --user-data-dir argument, or don't use --user-data-dir
Build info: version: '3.141.59', revision: 'e82be7d358', time: '2018-11-14T08:17:03'
System info: host: 'DESKTOP-27L8JE7', ip: '10.0.0.3', os.name: 'Windows 10', os.arch: 'amd64', os.version: '10.0', java.version: '1.8.0_241'
Driver info: driver.version: ChromeDriver
remote stacktrace: Backtrace:
Ordinal0 [0x00A00C83+1707139]
Ordinal0 [0x009668F1+1075441]
Ordinal0 [0x008DDFC9+516041]
Ordinal0 [0x0086D310+54032]
Ordinal0 [0x0088BFD7+180183]
Ordinal0 [0x0088BDDD+179677]
Ordinal0 [0x00889D4B+171339]
Ordinal0 [0x00871D4A+73034]
Ordinal0 [0x00872DC0+77248]
Ordinal0 [0x00872D59+77145]
Ordinal0 [0x0097BB67+1162087]
GetHandleVerifier [0x00A9A966+508998]
GetHandleVerifier [0x00A9A6A4+508292]
GetHandleVerifier [0x00AAF7B7+594583]
GetHandleVerifier [0x00A9B1D6+511158]
Ordinal0 [0x0097402C+1130540]
Ordinal0 [0x0097D4CB+1168587]
Ordinal0 [0x0097D633+1168947]
Ordinal0 [0x00995B35+1268533]
BaseThreadInitThunk [0x76E96359+25]
RtlGetAppContainerNamedObjectPath [0x77937B74+228]
RtlGetAppContainerNamedObjectPath [0x77937B44+180]
]]>
            </message>
            <full-stacktrace>
              <![CDATA[org.openqa.selenium.InvalidArgumentException: invalid argument: user data directory is already in use, please specify a unique value for --user-data-dir argument, or don't use --user-data-dir
Build info: version: '3.141.59', revision: 'e82be7d358', time: '2018-11-14T08:17:03'
System info: host: 'DESKTOP-27L8JE7', ip: '10.0.0.3', os.name: 'Windows 10', os.arch: 'amd64', os.version: '10.0', java.version: '1.8.0_241'
Driver info: driver.version: ChromeDriver
remote stacktrace: Backtrace:
Ordinal0 [0x00A00C83+1707139]
Ordinal0 [0x009668F1+1075441]
Ordinal0 [0x008DDFC9+516041]
Ordinal0 [0x0086D310+54032]
Ordinal0 [0x0088BFD7+180183]
Ordinal0 [0x0088BDDD+179677]
Ordinal0 [0x00889D4B+171339]
Ordinal0 [0x00871D4A+73034]
Ordinal0 [0x00872DC0+77248]
Ordinal0 [0x00872D59+77145]
Ordinal0 [0x0097BB67+1162087]
GetHandleVerifier [0x00A9A966+508998]
GetHandleVerifier [0x00A9A6A4+508292]
GetHandleVerifier [0x00AAF7B7+594583]
GetHandleVerifier [0x00A9B1D6+511158]
Ordinal0 [0x0097402C+1130540]
Ordinal0 [0x0097D4CB+1168587]
Ordinal0 [0x0097D633+1168947]
Ordinal0 [0x00995B35+1268533]
BaseThreadInitThunk [0x76E96359+25]
RtlGetAppContainerNamedObjectPath [0x77937B74+228]
RtlGetAppContainerNamedObjectPath [0x77937B44+180]

at sun.reflect.NativeConstructorAccessorImpl.newInstance0(Native Method)
at sun.reflect.NativeConstructorAccessorImpl.newInstance(Unknown Source)
at sun.reflect.DelegatingConstructorAccessorImpl.newInstance(Unknown Source)
at java.lang.reflect.Constructor.newInstance(Unknown Source)
at org.openqa.selenium.remote.W3CHandshakeResponse.lambda$errorHandler$0(W3CHandshakeResponse.java:62)
at org.openqa.selenium.remote.HandshakeResponse.lambda$getResponseFunction$0(HandshakeResponse.java:30)
at org.openqa.selenium.remote.ProtocolHandshake.lambda$createSession$0(ProtocolHandshake.java:126)
at java.util.stream.ReferencePipeline$3$1.accept(Unknown Source)
at java.util.Spliterators$ArraySpliterator.tryAdvance(Unknown Source)
at java.util.stream.ReferencePipeline.forEachWithCancel(Unknown Source)
at java.util.stream.AbstractPipeline.copyIntoWithCancel(Unknown Source)
at java.util.stream.AbstractPipeline.copyInto(Unknown Source)
at java.util.stream.AbstractPipeline.wrapAndCopyInto(Unknown Source)
at java.util.stream.FindOps$FindOp.evaluateSequential(Unknown Source)
at java.util.stream.AbstractPipeline.evaluate(Unknown Source)
at java.util.stream.ReferencePipeline.findFirst(Unknown Source)
at org.openqa.selenium.remote.ProtocolHandshake.createSession(ProtocolHandshake.java:128)
at org.openqa.selenium.remote.ProtocolHandshake.createSession(ProtocolHandshake.java:74)
at org.openqa.selenium.remote.HttpCommandExecutor.execute(HttpCommandExecutor.java:136)
at org.openqa.selenium.remote.service.DriverCommandExecutor.execute(DriverCommandExecutor.java:83)
at org.openqa.selenium.remote.RemoteWebDriver.execute(RemoteWebDriver.java:552)
at org.openqa.selenium.remote.RemoteWebDriver.startSession(RemoteWebDriver.java:213)
at org.openqa.selenium.remote.RemoteWebDriver.<init>(RemoteWebDriver.java:131)
at org.openqa.selenium.chrome.ChromeDriver.<init>(ChromeDriver.java:181)
at org.openqa.selenium.chrome.ChromeDriver.<init>(ChromeDriver.java:168)
at org.openqa.selenium.chrome.ChromeDriver.<init>(ChromeDriver.java:157)
at com.project.Ecommerce.BaseTest.openBrowser(BaseTest.java:83)
at com.project.Ecommerce.RadioButton1.beforeMethod(RadioButton1.java:26)
at sun.reflect.NativeMethodAccessorImpl.invoke0(Native Method)
at sun.reflect.NativeMethodAccessorImpl.invoke(Unknown Source)
at sun.reflect.DelegatingMethodAccessorImpl.invoke(Unknown Source)
at java.lang.reflect.Method.invoke(Unknown Source)
at org.testng.internal.MethodInvocationHelper.invokeMethod(MethodInvocationHelper.java:124)
at org.testng.internal.MethodInvocationHelper.invokeMethodConsideringTimeout(MethodInvocationHelper.java:59)
at org.testng.internal.Invoker.invokeConfigurationMethod(Invoker.java:458)
at org.testng.internal.Invoker.invokeConfigurations(Invoker.java:222)
at org.testng.internal.Invoker.invokeMethod(Invoker.java:523)
at org.testng.internal.Invoker.invokeTestMethod(Invoker.java:719)
at org.testng.internal.Invoker.invokeTestMethods(Invoker.java:989)
at org.testng.internal.TestMethodWorker.invokeTestMethods(TestMethodWorker.java:125)
at org.testng.internal.TestMethodWorker.run(TestMethodWorker.java:109)
at org.testng.TestRunner.privateRun(TestRunner.java:648)
at org.testng.TestRunner.run(TestRunner.java:505)
at org.testng.SuiteRunner.runTest(SuiteRunner.java:455)
at org.testng.SuiteRunner.access$000(SuiteRunner.java:40)
at org.testng.SuiteRunner$SuiteWorker.run(SuiteRunner.java:489)
at org.testng.internal.thread.ThreadUtil$1.call(ThreadUtil.java:52)
at java.util.concurrent.FutureTask.run(Unknown Source)
at java.util.concurrent.ThreadPoolExecutor.runWorker(Unknown Source)
at java.util.concurrent.ThreadPoolExecutor$Worker.run(Unknown Source)
at java.lang.Thread.run(Unknown Source)
]]>
            </full-stacktrace>
          </exception> <!-- org.openqa.selenium.InvalidArgumentException -->
          <reporter-output>
          </reporter-output>
        </test-method> <!-- radioTest -->
        <test-method status="SKIP" signature="afterMethod()[pri:0, instance:com.project.Ecommerce.RadioButton1@add0edd]" name="afterMethod" is-config="true" duration-ms="0" started-at="2020-04-09T03:37:35Z" finished-at="2020-04-09T03:37:35Z">
          <reporter-output>
          </reporter-output>
        </test-method> <!-- afterMethod -->
      </class> <!-- com.project.Ecommerce.RadioButton1 -->
      <class name="com.project.Ecommerce.LinksTesting1">
        <test-method status="FAIL" signature="setup(java.lang.String)[pri:0, instance:com.project.Ecommerce.LinksTesting1@7ff95560]" name="setup" is-config="true" duration-ms="2370" started-at="2020-04-09T03:37:31Z" finished-at="2020-04-09T03:37:33Z">
          <params>
            <param index="0">
              <value>
                <![CDATA[chrome]]>
              </value>
            </param>
          </params>
          <exception class="org.openqa.selenium.InvalidArgumentException">
            <message>
              <![CDATA[invalid argument: user data directory is already in use, please specify a unique value for --user-data-dir argument, or don't use --user-data-dir
Build info: version: '3.141.59', revision: 'e82be7d358', time: '2018-11-14T08:17:03'
System info: host: 'DESKTOP-27L8JE7', ip: '10.0.0.3', os.name: 'Windows 10', os.arch: 'amd64', os.version: '10.0', java.version: '1.8.0_241'
Driver info: driver.version: ChromeDriver
remote stacktrace: Backtrace:
Ordinal0 [0x00A00C83+1707139]
Ordinal0 [0x009668F1+1075441]
Ordinal0 [0x008DDFC9+516041]
Ordinal0 [0x0086D310+54032]
Ordinal0 [0x0088BFD7+180183]
Ordinal0 [0x0088BDDD+179677]
Ordinal0 [0x00889D4B+171339]
Ordinal0 [0x00871D4A+73034]
Ordinal0 [0x00872DC0+77248]
Ordinal0 [0x00872D59+77145]
Ordinal0 [0x0097BB67+1162087]
GetHandleVerifier [0x00A9A966+508998]
GetHandleVerifier [0x00A9A6A4+508292]
GetHandleVerifier [0x00AAF7B7+594583]
GetHandleVerifier [0x00A9B1D6+511158]
Ordinal0 [0x0097402C+1130540]
Ordinal0 [0x0097D4CB+1168587]
Ordinal0 [0x0097D633+1168947]
Ordinal0 [0x00995B35+1268533]
BaseThreadInitThunk [0x76E96359+25]
RtlGetAppContainerNamedObjectPath [0x77937B74+228]
RtlGetAppContainerNamedObjectPath [0x77937B44+180]
]]>
            </message>
            <full-stacktrace>
              <![CDATA[org.openqa.selenium.InvalidArgumentException: invalid argument: user data directory is already in use, please specify a unique value for --user-data-dir argument, or don't use --user-data-dir
Build info: version: '3.141.59', revision: 'e82be7d358', time: '2018-11-14T08:17:03'
System info: host: 'DESKTOP-27L8JE7', ip: '10.0.0.3', os.name: 'Windows 10', os.arch: 'amd64', os.version: '10.0', java.version: '1.8.0_241'
Driver info: driver.version: ChromeDriver
remote stacktrace: Backtrace:
Ordinal0 [0x00A00C83+1707139]
Ordinal0 [0x009668F1+1075441]
Ordinal0 [0x008DDFC9+516041]
Ordinal0 [0x0086D310+54032]
Ordinal0 [0x0088BFD7+180183]
Ordinal0 [0x0088BDDD+179677]
Ordinal0 [0x00889D4B+171339]
Ordinal0 [0x00871D4A+73034]
Ordinal0 [0x00872DC0+77248]
Ordinal0 [0x00872D59+77145]
Ordinal0 [0x0097BB67+1162087]
GetHandleVerifier [0x00A9A966+508998]
GetHandleVerifier [0x00A9A6A4+508292]
GetHandleVerifier [0x00AAF7B7+594583]
GetHandleVerifier [0x00A9B1D6+511158]
Ordinal0 [0x0097402C+1130540]
Ordinal0 [0x0097D4CB+1168587]
Ordinal0 [0x0097D633+1168947]
Ordinal0 [0x00995B35+1268533]
BaseThreadInitThunk [0x76E96359+25]
RtlGetAppContainerNamedObjectPath [0x77937B74+228]
RtlGetAppContainerNamedObjectPath [0x77937B44+180]

at sun.reflect.NativeConstructorAccessorImpl.newInstance0(Native Method)
at sun.reflect.NativeConstructorAccessorImpl.newInstance(Unknown Source)
at sun.reflect.DelegatingConstructorAccessorImpl.newInstance(Unknown Source)
at java.lang.reflect.Constructor.newInstance(Unknown Source)
at org.openqa.selenium.remote.W3CHandshakeResponse.lambda$errorHandler$0(W3CHandshakeResponse.java:62)
at org.openqa.selenium.remote.HandshakeResponse.lambda$getResponseFunction$0(HandshakeResponse.java:30)
at org.openqa.selenium.remote.ProtocolHandshake.lambda$createSession$0(ProtocolHandshake.java:126)
at java.util.stream.ReferencePipeline$3$1.accept(Unknown Source)
at java.util.Spliterators$ArraySpliterator.tryAdvance(Unknown Source)
at java.util.stream.ReferencePipeline.forEachWithCancel(Unknown Source)
at java.util.stream.AbstractPipeline.copyIntoWithCancel(Unknown Source)
at java.util.stream.AbstractPipeline.copyInto(Unknown Source)
at java.util.stream.AbstractPipeline.wrapAndCopyInto(Unknown Source)
at java.util.stream.FindOps$FindOp.evaluateSequential(Unknown Source)
at java.util.stream.AbstractPipeline.evaluate(Unknown Source)
at java.util.stream.ReferencePipeline.findFirst(Unknown Source)
at org.openqa.selenium.remote.ProtocolHandshake.createSession(ProtocolHandshake.java:128)
at org.openqa.selenium.remote.ProtocolHandshake.createSession(ProtocolHandshake.java:74)
at org.openqa.selenium.remote.HttpCommandExecutor.execute(HttpCommandExecutor.java:136)
at org.openqa.selenium.remote.service.DriverCommandExecutor.execute(DriverCommandExecutor.java:83)
at org.openqa.selenium.remote.RemoteWebDriver.execute(RemoteWebDriver.java:552)
at org.openqa.selenium.remote.RemoteWebDriver.startSession(RemoteWebDriver.java:213)
at org.openqa.selenium.remote.RemoteWebDriver.<init>(RemoteWebDriver.java:131)
at org.openqa.selenium.chrome.ChromeDriver.<init>(ChromeDriver.java:181)
at org.openqa.selenium.chrome.ChromeDriver.<init>(ChromeDriver.java:168)
at org.openqa.selenium.chrome.ChromeDriver.<init>(ChromeDriver.java:157)
at com.project.Ecommerce.BaseTest.openBrowser(BaseTest.java:83)
at com.project.Ecommerce.LinksTesting1.setup(LinksTesting1.java:24)
at sun.reflect.NativeMethodAccessorImpl.invoke0(Native Method)
at sun.reflect.NativeMethodAccessorImpl.invoke(Unknown Source)
at sun.reflect.DelegatingMethodAccessorImpl.invoke(Unknown Source)
at java.lang.reflect.Method.invoke(Unknown Source)
at org.testng.internal.MethodInvocationHelper.invokeMethod(MethodInvocationHelper.java:124)
at org.testng.internal.MethodInvocationHelper.invokeMethodConsideringTimeout(MethodInvocationHelper.java:59)
at org.testng.internal.Invoker.invokeConfigurationMethod(Invoker.java:458)
at org.testng.internal.Invoker.invokeConfigurations(Invoker.java:222)
at org.testng.internal.Invoker.invokeMethod(Invoker.java:523)
at org.testng.internal.Invoker.invokeTestMethod(Invoker.java:719)
at org.testng.internal.Invoker.invokeTestMethods(Invoker.java:989)
at org.testng.internal.TestMethodWorker.invokeTestMethods(TestMethodWorker.java:125)
at org.testng.internal.TestMethodWorker.run(TestMethodWorker.java:109)
at org.testng.TestRunner.privateRun(TestRunner.java:648)
at org.testng.TestRunner.run(TestRunner.java:505)
at org.testng.SuiteRunner.runTest(SuiteRunner.java:455)
at org.testng.SuiteRunner.access$000(SuiteRunner.java:40)
at org.testng.SuiteRunner$SuiteWorker.run(SuiteRunner.java:489)
at org.testng.internal.thread.ThreadUtil$1.call(ThreadUtil.java:52)
at java.util.concurrent.FutureTask.run(Unknown Source)
at java.util.concurrent.ThreadPoolExecutor.runWorker(Unknown Source)
at java.util.concurrent.ThreadPoolExecutor$Worker.run(Unknown Source)
at java.lang.Thread.run(Unknown Source)
]]>
            </full-stacktrace>
          </exception> <!-- org.openqa.selenium.InvalidArgumentException -->
          <reporter-output>
          </reporter-output>
        </test-method> <!-- setup -->
        <test-method status="SKIP" signature="linktesting1()[pri:0, instance:com.project.Ecommerce.LinksTesting1@7ff95560]" name="linktesting1" duration-ms="0" started-at="2020-04-09T03:37:33Z" finished-at="2020-04-09T03:37:33Z">
          <exception class="org.openqa.selenium.InvalidArgumentException">
            <message>
              <![CDATA[invalid argument: user data directory is already in use, please specify a unique value for --user-data-dir argument, or don't use --user-data-dir
Build info: version: '3.141.59', revision: 'e82be7d358', time: '2018-11-14T08:17:03'
System info: host: 'DESKTOP-27L8JE7', ip: '10.0.0.3', os.name: 'Windows 10', os.arch: 'amd64', os.version: '10.0', java.version: '1.8.0_241'
Driver info: driver.version: ChromeDriver
remote stacktrace: Backtrace:
Ordinal0 [0x00A00C83+1707139]
Ordinal0 [0x009668F1+1075441]
Ordinal0 [0x008DDFC9+516041]
Ordinal0 [0x0086D310+54032]
Ordinal0 [0x0088BFD7+180183]
Ordinal0 [0x0088BDDD+179677]
Ordinal0 [0x00889D4B+171339]
Ordinal0 [0x00871D4A+73034]
Ordinal0 [0x00872DC0+77248]
Ordinal0 [0x00872D59+77145]
Ordinal0 [0x0097BB67+1162087]
GetHandleVerifier [0x00A9A966+508998]
GetHandleVerifier [0x00A9A6A4+508292]
GetHandleVerifier [0x00AAF7B7+594583]
GetHandleVerifier [0x00A9B1D6+511158]
Ordinal0 [0x0097402C+1130540]
Ordinal0 [0x0097D4CB+1168587]
Ordinal0 [0x0097D633+1168947]
Ordinal0 [0x00995B35+1268533]
BaseThreadInitThunk [0x76E96359+25]
RtlGetAppContainerNamedObjectPath [0x77937B74+228]
RtlGetAppContainerNamedObjectPath [0x77937B44+180]
]]>
            </message>
            <full-stacktrace>
              <![CDATA[org.openqa.selenium.InvalidArgumentException: invalid argument: user data directory is already in use, please specify a unique value for --user-data-dir argument, or don't use --user-data-dir
Build info: version: '3.141.59', revision: 'e82be7d358', time: '2018-11-14T08:17:03'
System info: host: 'DESKTOP-27L8JE7', ip: '10.0.0.3', os.name: 'Windows 10', os.arch: 'amd64', os.version: '10.0', java.version: '1.8.0_241'
Driver info: driver.version: ChromeDriver
remote stacktrace: Backtrace:
Ordinal0 [0x00A00C83+1707139]
Ordinal0 [0x009668F1+1075441]
Ordinal0 [0x008DDFC9+516041]
Ordinal0 [0x0086D310+54032]
Ordinal0 [0x0088BFD7+180183]
Ordinal0 [0x0088BDDD+179677]
Ordinal0 [0x00889D4B+171339]
Ordinal0 [0x00871D4A+73034]
Ordinal0 [0x00872DC0+77248]
Ordinal0 [0x00872D59+77145]
Ordinal0 [0x0097BB67+1162087]
GetHandleVerifier [0x00A9A966+508998]
GetHandleVerifier [0x00A9A6A4+508292]
GetHandleVerifier [0x00AAF7B7+594583]
GetHandleVerifier [0x00A9B1D6+511158]
Ordinal0 [0x0097402C+1130540]
Ordinal0 [0x0097D4CB+1168587]
Ordinal0 [0x0097D633+1168947]
Ordinal0 [0x00995B35+1268533]
BaseThreadInitThunk [0x76E96359+25]
RtlGetAppContainerNamedObjectPath [0x77937B74+228]
RtlGetAppContainerNamedObjectPath [0x77937B44+180]

at sun.reflect.NativeConstructorAccessorImpl.newInstance0(Native Method)
at sun.reflect.NativeConstructorAccessorImpl.newInstance(Unknown Source)
at sun.reflect.DelegatingConstructorAccessorImpl.newInstance(Unknown Source)
at java.lang.reflect.Constructor.newInstance(Unknown Source)
at org.openqa.selenium.remote.W3CHandshakeResponse.lambda$errorHandler$0(W3CHandshakeResponse.java:62)
at org.openqa.selenium.remote.HandshakeResponse.lambda$getResponseFunction$0(HandshakeResponse.java:30)
at org.openqa.selenium.remote.ProtocolHandshake.lambda$createSession$0(ProtocolHandshake.java:126)
at java.util.stream.ReferencePipeline$3$1.accept(Unknown Source)
at java.util.Spliterators$ArraySpliterator.tryAdvance(Unknown Source)
at java.util.stream.ReferencePipeline.forEachWithCancel(Unknown Source)
at java.util.stream.AbstractPipeline.copyIntoWithCancel(Unknown Source)
at java.util.stream.AbstractPipeline.copyInto(Unknown Source)
at java.util.stream.AbstractPipeline.wrapAndCopyInto(Unknown Source)
at java.util.stream.FindOps$FindOp.evaluateSequential(Unknown Source)
at java.util.stream.AbstractPipeline.evaluate(Unknown Source)
at java.util.stream.ReferencePipeline.findFirst(Unknown Source)
at org.openqa.selenium.remote.ProtocolHandshake.createSession(ProtocolHandshake.java:128)
at org.openqa.selenium.remote.ProtocolHandshake.createSession(ProtocolHandshake.java:74)
at org.openqa.selenium.remote.HttpCommandExecutor.execute(HttpCommandExecutor.java:136)
at org.openqa.selenium.remote.service.DriverCommandExecutor.execute(DriverCommandExecutor.java:83)
at org.openqa.selenium.remote.RemoteWebDriver.execute(RemoteWebDriver.java:552)
at org.openqa.selenium.remote.RemoteWebDriver.startSession(RemoteWebDriver.java:213)
at org.openqa.selenium.remote.RemoteWebDriver.<init>(RemoteWebDriver.java:131)
at org.openqa.selenium.chrome.ChromeDriver.<init>(ChromeDriver.java:181)
at org.openqa.selenium.chrome.ChromeDriver.<init>(ChromeDriver.java:168)
at org.openqa.selenium.chrome.ChromeDriver.<init>(ChromeDriver.java:157)
at com.project.Ecommerce.BaseTest.openBrowser(BaseTest.java:83)
at com.project.Ecommerce.LinksTesting1.setup(LinksTesting1.java:24)
at sun.reflect.NativeMethodAccessorImpl.invoke0(Native Method)
at sun.reflect.NativeMethodAccessorImpl.invoke(Unknown Source)
at sun.reflect.DelegatingMethodAccessorImpl.invoke(Unknown Source)
at java.lang.reflect.Method.invoke(Unknown Source)
at org.testng.internal.MethodInvocationHelper.invokeMethod(MethodInvocationHelper.java:124)
at org.testng.internal.MethodInvocationHelper.invokeMethodConsideringTimeout(MethodInvocationHelper.java:59)
at org.testng.internal.Invoker.invokeConfigurationMethod(Invoker.java:458)
at org.testng.internal.Invoker.invokeConfigurations(Invoker.java:222)
at org.testng.internal.Invoker.invokeMethod(Invoker.java:523)
at org.testng.internal.Invoker.invokeTestMethod(Invoker.java:719)
at org.testng.internal.Invoker.invokeTestMethods(Invoker.java:989)
at org.testng.internal.TestMethodWorker.invokeTestMethods(TestMethodWorker.java:125)
at org.testng.internal.TestMethodWorker.run(TestMethodWorker.java:109)
at org.testng.TestRunner.privateRun(TestRunner.java:648)
at org.testng.TestRunner.run(TestRunner.java:505)
at org.testng.SuiteRunner.runTest(SuiteRunner.java:455)
at org.testng.SuiteRunner.access$000(SuiteRunner.java:40)
at org.testng.SuiteRunner$SuiteWorker.run(SuiteRunner.java:489)
at org.testng.internal.thread.ThreadUtil$1.call(ThreadUtil.java:52)
at java.util.concurrent.FutureTask.run(Unknown Source)
at java.util.concurrent.ThreadPoolExecutor.runWorker(Unknown Source)
at java.util.concurrent.ThreadPoolExecutor$Worker.run(Unknown Source)
at java.lang.Thread.run(Unknown Source)
]]>
            </full-stacktrace>
          </exception> <!-- org.openqa.selenium.InvalidArgumentException -->
          <reporter-output>
          </reporter-output>
        </test-method> <!-- linktesting1 -->
        <test-method status="SKIP" signature="tearDown()[pri:0, instance:com.project.Ecommerce.LinksTesting1@7ff95560]" name="tearDown" is-config="true" duration-ms="0" started-at="2020-04-09T03:37:33Z" finished-at="2020-04-09T03:37:33Z">
          <reporter-output>
          </reporter-output>
        </test-method> <!-- tearDown -->
      </class> <!-- com.project.Ecommerce.LinksTesting1 -->
      <class name="com.project.Ecommerce.CheckBox1">
        <test-method status="PASS" signature="beforeMethod(java.lang.String)[pri:0, instance:com.project.Ecommerce.CheckBox1@527e5409]" name="beforeMethod" is-config="true" duration-ms="14648" started-at="2020-04-09T03:36:56Z" finished-at="2020-04-09T03:37:11Z">
          <params>
            <param index="0">
              <value>
                <![CDATA[chrome]]>
              </value>
            </param>
          </params>
          <reporter-output>
          </reporter-output>
        </test-method> <!-- beforeMethod -->
        <test-method status="PASS" signature="checkboxTest()[pri:0, instance:com.project.Ecommerce.CheckBox1@527e5409]" name="checkboxTest" duration-ms="74" started-at="2020-04-09T03:37:11Z" finished-at="2020-04-09T03:37:11Z">
          <reporter-output>
          </reporter-output>
        </test-method> <!-- checkboxTest -->
        <test-method status="PASS" signature="afterMethod()[pri:0, instance:com.project.Ecommerce.CheckBox1@527e5409]" name="afterMethod" is-config="true" duration-ms="17245" started-at="2020-04-09T03:37:11Z" finished-at="2020-04-09T03:37:28Z">
          <reporter-output>
          </reporter-output>
        </test-method> <!-- afterMethod -->
      </class> <!-- com.project.Ecommerce.CheckBox1 -->
    </test> <!-- ChromeTest -->
    <test name="FirefoxTest" duration-ms="121157" started-at="2020-04-09T03:36:56Z" finished-at="2020-04-09T03:38:57Z">
      <class name="com.project.Ecommerce.TC_002">
        <test-method status="PASS" signature="startProcess(java.lang.String)[pri:0, instance:com.project.Ecommerce.TC_002@657c8ad9]" name="startProcess" is-config="true" duration-ms="16782" started-at="2020-04-09T03:37:32Z" finished-at="2020-04-09T03:37:48Z">
          <params>
            <param index="0">
              <value>
                <![CDATA[firefox]]>
              </value>
            </param>
          </params>
          <reporter-output>
          </reporter-output>
        </test-method> <!-- startProcess -->
        <test-method status="PASS" signature="amazon()[pri:0, instance:com.project.Ecommerce.TC_002@657c8ad9]" name="amazon" duration-ms="3238" started-at="2020-04-09T03:37:48Z" finished-at="2020-04-09T03:37:52Z">
          <reporter-output>
          </reporter-output>
        </test-method> <!-- amazon -->
        <test-method status="PASS" signature="endProcess()[pri:0, instance:com.project.Ecommerce.TC_002@657c8ad9]" name="endProcess" is-config="true" duration-ms="5589" started-at="2020-04-09T03:37:52Z" finished-at="2020-04-09T03:37:57Z">
          <reporter-output>
          </reporter-output>
        </test-method> <!-- endProcess -->
      </class> <!-- com.project.Ecommerce.TC_002 -->
      <class name="com.project.Ecommerce.RadioButton1">
        <test-method status="PASS" signature="beforeMethod(java.lang.String)[pri:0, instance:com.project.Ecommerce.RadioButton1@f2f2cc1]" name="beforeMethod" is-config="true" duration-ms="25839" started-at="2020-04-09T03:38:22Z" finished-at="2020-04-09T03:38:48Z">
          <params>
            <param index="0">
              <value>
                <![CDATA[firefox]]>
              </value>
            </param>
          </params>
          <reporter-output>
          </reporter-output>
        </test-method> <!-- beforeMethod -->
        <test-method status="PASS" signature="radioTest()[pri:0, instance:com.project.Ecommerce.RadioButton1@f2f2cc1]" name="radioTest" duration-ms="3282" started-at="2020-04-09T03:38:48Z" finished-at="2020-04-09T03:38:51Z">
          <reporter-output>
          </reporter-output>
        </test-method> <!-- radioTest -->
        <test-method status="PASS" signature="afterMethod()[pri:0, instance:com.project.Ecommerce.RadioButton1@f2f2cc1]" name="afterMethod" is-config="true" duration-ms="6134" started-at="2020-04-09T03:38:51Z" finished-at="2020-04-09T03:38:57Z">
          <reporter-output>
          </reporter-output>
        </test-method> <!-- afterMethod -->
      </class> <!-- com.project.Ecommerce.RadioButton1 -->
      <class name="com.project.Ecommerce.LinksTesting1">
        <test-method status="PASS" signature="setup(java.lang.String)[pri:0, instance:com.project.Ecommerce.LinksTesting1@436a4e4b]" name="setup" is-config="true" duration-ms="16300" started-at="2020-04-09T03:37:57Z" finished-at="2020-04-09T03:38:13Z">
          <params>
            <param index="0">
              <value>
                <![CDATA[firefox]]>
              </value>
            </param>
          </params>
          <reporter-output>
          </reporter-output>
        </test-method> <!-- setup -->
        <test-method status="PASS" signature="linktesting1()[pri:0, instance:com.project.Ecommerce.LinksTesting1@436a4e4b]" name="linktesting1" duration-ms="2740" started-at="2020-04-09T03:38:13Z" finished-at="2020-04-09T03:38:16Z">
          <reporter-output>
            <line>
              <![CDATA[Clicked on Image Link]]>
            </line>
          </reporter-output>
        </test-method> <!-- linktesting1 -->
        <test-method status="PASS" signature="tearDown()[pri:0, instance:com.project.Ecommerce.LinksTesting1@436a4e4b]" name="tearDown" is-config="true" duration-ms="5969" started-at="2020-04-09T03:38:16Z" finished-at="2020-04-09T03:38:22Z">
          <reporter-output>
          </reporter-output>
        </test-method> <!-- tearDown -->
      </class> <!-- com.project.Ecommerce.LinksTesting1 -->
      <class name="com.project.Ecommerce.CheckBox1">
        <test-method status="PASS" signature="beforeMethod(java.lang.String)[pri:0, instance:com.project.Ecommerce.CheckBox1@475e586c]" name="beforeMethod" is-config="true" duration-ms="26692" started-at="2020-04-09T03:36:56Z" finished-at="2020-04-09T03:37:23Z">
          <params>
            <param index="0">
              <value>
                <![CDATA[firefox]]>
              </value>
            </param>
          </params>
          <reporter-output>
          </reporter-output>
        </test-method> <!-- beforeMethod -->
        <test-method status="FAIL" signature="checkboxTest()[pri:0, instance:com.project.Ecommerce.CheckBox1@475e586c]" name="checkboxTest" duration-ms="8380" started-at="2020-04-09T03:37:23Z" finished-at="2020-04-09T03:37:31Z">
          <exception class="org.openqa.selenium.WebDriverException">
            <message>
              <![CDATA[java.net.ConnectException: Failed to connect to localhost/0:0:0:0:0:0:0:1:18433
Build info: version: '3.141.59', revision: 'e82be7d358', time: '2018-11-14T08:17:03'
System info: host: 'DESKTOP-27L8JE7', ip: '10.0.0.3', os.name: 'Windows 10', os.arch: 'amd64', os.version: '10.0', java.version: '1.8.0_241'
Driver info: driver.version: RemoteWebDriver]]>
            </message>
            <full-stacktrace>
              <![CDATA[org.openqa.selenium.WebDriverException: java.net.ConnectException: Failed to connect to localhost/0:0:0:0:0:0:0:1:18433
Build info: version: '3.141.59', revision: 'e82be7d358', time: '2018-11-14T08:17:03'
System info: host: 'DESKTOP-27L8JE7', ip: '10.0.0.3', os.name: 'Windows 10', os.arch: 'amd64', os.version: '10.0', java.version: '1.8.0_241'
Driver info: driver.version: RemoteWebDriver
at org.openqa.selenium.remote.service.DriverCommandExecutor.execute(DriverCommandExecutor.java:92)
at org.openqa.selenium.remote.RemoteWebDriver.execute(RemoteWebDriver.java:552)
at org.openqa.selenium.remote.RemoteWebDriver.findElements(RemoteWebDriver.java:353)
at org.openqa.selenium.remote.RemoteWebDriver.findElementsByXPath(RemoteWebDriver.java:432)
at org.openqa.selenium.By$ByXPath.findElements(By.java:348)
at org.openqa.selenium.remote.RemoteWebDriver.findElements(RemoteWebDriver.java:311)
at com.project.Ecommerce.CheckBox1.checkboxTest(CheckBox1.java:37)
at sun.reflect.NativeMethodAccessorImpl.invoke0(Native Method)
at sun.reflect.NativeMethodAccessorImpl.invoke(Unknown Source)
at sun.reflect.DelegatingMethodAccessorImpl.invoke(Unknown Source)
at java.lang.reflect.Method.invoke(Unknown Source)
at org.testng.internal.MethodInvocationHelper.invokeMethod(MethodInvocationHelper.java:124)
at org.testng.internal.Invoker.invokeMethod(Invoker.java:583)
at org.testng.internal.Invoker.invokeTestMethod(Invoker.java:719)
at org.testng.internal.Invoker.invokeTestMethods(Invoker.java:989)
at org.testng.internal.TestMethodWorker.invokeTestMethods(TestMethodWorker.java:125)
at org.testng.internal.TestMethodWorker.run(TestMethodWorker.java:109)
at org.testng.TestRunner.privateRun(TestRunner.java:648)
at org.testng.TestRunner.run(TestRunner.java:505)
at org.testng.SuiteRunner.runTest(SuiteRunner.java:455)
at org.testng.SuiteRunner.access$000(SuiteRunner.java:40)
at org.testng.SuiteRunner$SuiteWorker.run(SuiteRunner.java:489)
at org.testng.internal.thread.ThreadUtil$1.call(ThreadUtil.java:52)
at java.util.concurrent.FutureTask.run(Unknown Source)
at java.util.concurrent.ThreadPoolExecutor.runWorker(Unknown Source)
at java.util.concurrent.ThreadPoolExecutor$Worker.run(Unknown Source)
at java.lang.Thread.run(Unknown Source)
Caused by: java.net.ConnectException: Failed to connect to localhost/0:0:0:0:0:0:0:1:18433
at okhttp3.internal.connection.RealConnection.connectSocket(RealConnection.java:247)
at okhttp3.internal.connection.RealConnection.connect(RealConnection.java:165)
at okhttp3.internal.connection.StreamAllocation.findConnection(StreamAllocation.java:257)
at okhttp3.internal.connection.StreamAllocation.findHealthyConnection(StreamAllocation.java:135)
at okhttp3.internal.connection.StreamAllocation.newStream(StreamAllocation.java:114)
at okhttp3.internal.connection.ConnectInterceptor.intercept(ConnectInterceptor.java:42)
at okhttp3.internal.http.RealInterceptorChain.proceed(RealInterceptorChain.java:147)
at okhttp3.internal.http.RealInterceptorChain.proceed(RealInterceptorChain.java:121)
at okhttp3.internal.cache.CacheInterceptor.intercept(CacheInterceptor.java:93)
at okhttp3.internal.http.RealInterceptorChain.proceed(RealInterceptorChain.java:147)
at okhttp3.internal.http.RealInterceptorChain.proceed(RealInterceptorChain.java:121)
at okhttp3.internal.http.BridgeInterceptor.intercept(BridgeInterceptor.java:93)
at okhttp3.internal.http.RealInterceptorChain.proceed(RealInterceptorChain.java:147)
at okhttp3.internal.http.RetryAndFollowUpInterceptor.intercept(RetryAndFollowUpInterceptor.java:126)
at okhttp3.internal.http.RealInterceptorChain.proceed(RealInterceptorChain.java:147)
at okhttp3.internal.http.RealInterceptorChain.proceed(RealInterceptorChain.java:121)
at okhttp3.RealCall.getResponseWithInterceptorChain(RealCall.java:200)
at okhttp3.RealCall.execute(RealCall.java:77)
at org.openqa.selenium.remote.internal.OkHttpClient.execute(OkHttpClient.java:103)
at org.openqa.selenium.remote.HttpCommandExecutor.execute(HttpCommandExecutor.java:155)
at org.openqa.selenium.remote.service.DriverCommandExecutor.execute(DriverCommandExecutor.java:83)
... 26 more
Caused by: java.net.ConnectException: Connection refused: connect
at java.net.DualStackPlainSocketImpl.waitForConnect(Native Method)
at java.net.DualStackPlainSocketImpl.socketConnect(Unknown Source)
at java.net.AbstractPlainSocketImpl.doConnect(Unknown Source)
at java.net.AbstractPlainSocketImpl.connectToAddress(Unknown Source)
at java.net.AbstractPlainSocketImpl.connect(Unknown Source)
at java.net.PlainSocketImpl.connect(Unknown Source)
at java.net.SocksSocketImpl.connect(Unknown Source)
at java.net.Socket.connect(Unknown Source)
at okhttp3.internal.platform.Platform.connectSocket(Platform.java:129)
at okhttp3.internal.connection.RealConnection.connectSocket(RealConnection.java:245)
... 46 more
]]>
            </full-stacktrace>
          </exception> <!-- org.openqa.selenium.WebDriverException -->
          <reporter-output>
          </reporter-output>
        </test-method> <!-- checkboxTest -->
        <test-method status="PASS" signature="afterMethod()[pri:0, instance:com.project.Ecommerce.CheckBox1@475e586c]" name="afterMethod" is-config="true" duration-ms="147" started-at="2020-04-09T03:37:31Z" finished-at="2020-04-09T03:37:32Z">
          <reporter-output>
          </reporter-output>
        </test-method> <!-- afterMethod -->
      </class> <!-- com.project.Ecommerce.CheckBox1 -->
    </test> <!-- FirefoxTest -->
  </suite> <!-- RegressionSuite -->
</testng-results>
